/home/soulbird/hls_prac/qc/vitis/qubit_state_visualizer/solution1/.autopilot/db/core.pp.0.cpp:1331:7: warning: Added loop label VITIS_LOOP_1211_1:   [xilinx-label-all-loops]
      for (i = 0; i < __N - 1; ++i) {
      ^~~
      VITIS_LOOP_1211_1: 
/home/soulbird/hls_prac/qc/vitis/qubit_state_visualizer/solution1/.autopilot/db/core.pp.0.cpp:1331:7: note: FIX-IT applied suggested code changes
/home/soulbird/hls_prac/qc/vitis/qubit_state_visualizer/solution1/.autopilot/db/core.pp.0.cpp:2305:5: warning: Added loop label VITIS_LOOP_676_1:   [xilinx-label-all-loops]
    for (unsigned i = low; i != high; ++i) {
    ^~~
    VITIS_LOOP_676_1: 
/home/soulbird/hls_prac/qc/vitis/qubit_state_visualizer/solution1/.autopilot/db/core.pp.0.cpp:2305:5: note: FIX-IT applied suggested code changes
/home/soulbird/hls_prac/qc/vitis/qubit_state_visualizer/solution1/.autopilot/db/core.pp.0.cpp:2319:5: warning: Added loop label VITIS_LOOP_690_1:   [xilinx-label-all-loops]
    for (unsigned i = low; i != high; ++i) {
    ^~~
    VITIS_LOOP_690_1: 
/home/soulbird/hls_prac/qc/vitis/qubit_state_visualizer/solution1/.autopilot/db/core.pp.0.cpp:2319:5: note: FIX-IT applied suggested code changes
/home/soulbird/hls_prac/qc/vitis/qubit_state_visualizer/solution1/.autopilot/db/core.pp.0.cpp:2333:5: warning: Added loop label VITIS_LOOP_704_1:   [xilinx-label-all-loops]
    for (unsigned i = low; i != high; ++i) {
    ^~~
    VITIS_LOOP_704_1: 
/home/soulbird/hls_prac/qc/vitis/qubit_state_visualizer/solution1/.autopilot/db/core.pp.0.cpp:2333:5: note: FIX-IT applied suggested code changes
/home/soulbird/hls_prac/qc/vitis/qubit_state_visualizer/solution1/.autopilot/db/core.pp.0.cpp:3932:7: warning: Added loop label VITIS_LOOP_1245_1:   [xilinx-label-all-loops]
      for (i = 0; i < __N - 1; ++i) {
      ^~~
      VITIS_LOOP_1245_1: 
/home/soulbird/hls_prac/qc/vitis/qubit_state_visualizer/solution1/.autopilot/db/core.pp.0.cpp:3932:7: note: FIX-IT applied suggested code changes
