In file included from qubit_state_visualizer/core.cpp:1:
In file included from /tools/Xilinx/Vitis_HLS/2022.2/common/technology/autopilot/ap_fixed.h:10:
In file included from /tools/Xilinx/Vitis_HLS/2022.2/common/technology/autopilot/ap_fixed_base.h:16:
In file included from /tools/Xilinx/Vitis_HLS/2022.2/common/technology/autopilot/ap_int.h:12:
/tools/Xilinx/Vitis_HLS/2022.2/common/technology/autopilot/ap_int_ref.h:678:9: warning: HLS pragma dump _XLX_SEP_ PragmaIsValid=1_XLX_SEP_ PragmaType=unroll_XLX_SEP_ PragmaContext=_XLX_SEP_ PragmaFunction=and_reduce_XLX_SEP_ PragmaOptions=_XLX_SEP_ [-Wdump-hls-pragmas]
#pragma HLS unroll
        ^
/tools/Xilinx/Vitis_HLS/2022.2/common/technology/autopilot/ap_int_ref.h:692:9: warning: HLS pragma dump _XLX_SEP_ PragmaIsValid=1_XLX_SEP_ PragmaType=unroll_XLX_SEP_ PragmaContext=_XLX_SEP_ PragmaFunction=or_reduce_XLX_SEP_ PragmaOptions=_XLX_SEP_ [-Wdump-hls-pragmas]
#pragma HLS unroll
        ^
/tools/Xilinx/Vitis_HLS/2022.2/common/technology/autopilot/ap_int_ref.h:706:9: warning: HLS pragma dump _XLX_SEP_ PragmaIsValid=1_XLX_SEP_ PragmaType=unroll_XLX_SEP_ PragmaContext=_XLX_SEP_ PragmaFunction=xor_reduce_XLX_SEP_ PragmaOptions=_XLX_SEP_ [-Wdump-hls-pragmas]
#pragma HLS unroll
        ^
/home/soulbird/hls_prac/qc/vitis/qubit_state_visualizer/solution1/csynth.tcl:14:9: warning: HLS pragma dump _XLX_SEP_ PragmaIsValid=1_XLX_SEP_ PragmaType=top_XLX_SEP_ PragmaContext=directive_XLX_SEP_ PragmaFunction=qubit_processor_fixed_XLX_SEP_ PragmaOptions=name=qubit_processor_fixed_XLX_SEP_ [-Wdump-hls-pragmas]
#pragma HLSDIRECTIVE TOP name=qubit_processor_fixed
        ^
qubit_state_visualizer/core.cpp:31:9: warning: HLS pragma dump _XLX_SEP_ PragmaIsValid=1_XLX_SEP_ PragmaType=pipeline_XLX_SEP_ PragmaContext=_XLX_SEP_ PragmaFunction=qubit_processor_fixed_XLX_SEP_ PragmaOptions=II=1_XLX_SEP_ [-Wdump-hls-pragmas]
#pragma HLS PIPELINE II=1
        ^
qubit_state_visualizer/core.cpp:34:9: warning: HLS pragma dump _XLX_SEP_ PragmaIsValid=1_XLX_SEP_ PragmaType=interface_XLX_SEP_ PragmaContext=_XLX_SEP_ PragmaFunction=qubit_processor_fixed_XLX_SEP_ PragmaOptions=s_axilite port=operation_XLX_SEP_ [-Wdump-hls-pragmas]
#pragma HLS INTERFACE s_axilite port=operation
        ^
qubit_state_visualizer/core.cpp:35:9: warning: HLS pragma dump _XLX_SEP_ PragmaIsValid=1_XLX_SEP_ PragmaType=interface_XLX_SEP_ PragmaContext=_XLX_SEP_ PragmaFunction=qubit_processor_fixed_XLX_SEP_ PragmaOptions=s_axilite port=in_alpha_real_XLX_SEP_ [-Wdump-hls-pragmas]
#pragma HLS INTERFACE s_axilite port=in_alpha_real
        ^
qubit_state_visualizer/core.cpp:36:9: warning: HLS pragma dump _XLX_SEP_ PragmaIsValid=1_XLX_SEP_ PragmaType=interface_XLX_SEP_ PragmaContext=_XLX_SEP_ PragmaFunction=qubit_processor_fixed_XLX_SEP_ PragmaOptions=s_axilite port=in_alpha_imag_XLX_SEP_ [-Wdump-hls-pragmas]
#pragma HLS INTERFACE s_axilite port=in_alpha_imag
        ^
qubit_state_visualizer/core.cpp:37:9: warning: HLS pragma dump _XLX_SEP_ PragmaIsValid=1_XLX_SEP_ PragmaType=interface_XLX_SEP_ PragmaContext=_XLX_SEP_ PragmaFunction=qubit_processor_fixed_XLX_SEP_ PragmaOptions=s_axilite port=in_beta_real_XLX_SEP_ [-Wdump-hls-pragmas]
#pragma HLS INTERFACE s_axilite port=in_beta_real
        ^
qubit_state_visualizer/core.cpp:38:9: warning: HLS pragma dump _XLX_SEP_ PragmaIsValid=1_XLX_SEP_ PragmaType=interface_XLX_SEP_ PragmaContext=_XLX_SEP_ PragmaFunction=qubit_processor_fixed_XLX_SEP_ PragmaOptions=s_axilite port=in_beta_imag_XLX_SEP_ [-Wdump-hls-pragmas]
#pragma HLS INTERFACE s_axilite port=in_beta_imag
        ^
qubit_state_visualizer/core.cpp:39:9: warning: HLS pragma dump _XLX_SEP_ PragmaIsValid=1_XLX_SEP_ PragmaType=interface_XLX_SEP_ PragmaContext=_XLX_SEP_ PragmaFunction=qubit_processor_fixed_XLX_SEP_ PragmaOptions=s_axilite port=out_alpha_real_XLX_SEP_ [-Wdump-hls-pragmas]
#pragma HLS INTERFACE s_axilite port=out_alpha_real
        ^
qubit_state_visualizer/core.cpp:40:9: warning: HLS pragma dump _XLX_SEP_ PragmaIsValid=1_XLX_SEP_ PragmaType=interface_XLX_SEP_ PragmaContext=_XLX_SEP_ PragmaFunction=qubit_processor_fixed_XLX_SEP_ PragmaOptions=s_axilite port=out_alpha_imag_XLX_SEP_ [-Wdump-hls-pragmas]
#pragma HLS INTERFACE s_axilite port=out_alpha_imag
        ^
qubit_state_visualizer/core.cpp:41:9: warning: HLS pragma dump _XLX_SEP_ PragmaIsValid=1_XLX_SEP_ PragmaType=interface_XLX_SEP_ PragmaContext=_XLX_SEP_ PragmaFunction=qubit_processor_fixed_XLX_SEP_ PragmaOptions=s_axilite port=out_beta_real_XLX_SEP_ [-Wdump-hls-pragmas]
#pragma HLS INTERFACE s_axilite port=out_beta_real
        ^
qubit_state_visualizer/core.cpp:42:9: warning: HLS pragma dump _XLX_SEP_ PragmaIsValid=1_XLX_SEP_ PragmaType=interface_XLX_SEP_ PragmaContext=_XLX_SEP_ PragmaFunction=qubit_processor_fixed_XLX_SEP_ PragmaOptions=s_axilite port=out_beta_imag_XLX_SEP_ [-Wdump-hls-pragmas]
#pragma HLS INTERFACE s_axilite port=out_beta_imag
        ^
qubit_state_visualizer/core.cpp:43:9: warning: HLS pragma dump _XLX_SEP_ PragmaIsValid=1_XLX_SEP_ PragmaType=interface_XLX_SEP_ PragmaContext=_XLX_SEP_ PragmaFunction=qubit_processor_fixed_XLX_SEP_ PragmaOptions=s_axilite port=return_XLX_SEP_ [-Wdump-hls-pragmas]
#pragma HLS INTERFACE s_axilite port=return
        ^
qubit_state_visualizer/core.cpp:44:9: warning: HLS pragma dump _XLX_SEP_ PragmaIsValid=1_XLX_SEP_ PragmaType=allocation_XLX_SEP_ PragmaContext=_XLX_SEP_ PragmaFunction=qubit_processor_fixed_XLX_SEP_ PragmaOptions=operation instances=mul limit=4_XLX_SEP_ [-Wdump-hls-pragmas]
#pragma HLS ALLOCATION operation instances=mul limit=4
        ^
16 warnings generated.
