Sun Aug 10 14:52:18 2025: Running xcd server. This server was built by gradle.
Sun Aug 10 14:52:18 2025: Server was asked to start on port: '34765'
Sun Aug 10 14:52:18 2025: Server is using token UUID: 'db03adac-e425-4260-b306-cc9da346c617'
Sun Aug 10 14:52:18 2025: SESSION_MGR: creating session with session uuid: '6d04a3e9-ade5-4ab9-8d63-1f78fcd2ec76' and name 'default'
Sun Aug 10 14:52:18 2025: Attempting to start server on port '34765'
Sun Aug 10 14:52:18 2025: XCD main fifo: created main fifo '/tmp/xcdmaindb03adac-e425-4260-b306-cc9da346c617', fd read = 13
Sun Aug 10 14:52:18 2025: Running Dispatch Server
Sun Aug 10 14:52:18 2025: Version 2.2.0
Sun Aug 10 14:52:24 2025: Dispatch Server: Accepted socket connection from client
Sun Aug 10 14:52:24 2025: Starting Socket connection
Sun Aug 10 14:52:24 2025: EXCHANGE_TOKEN received, server token: db03adac-e425-4260-b306-cc9da346c617, passed token: db03adac-e425-4260-b306-cc9da346c617
Sun Aug 10 14:52:24 2025: SESSION_MGR: creating session with session uuid: '2ec5b215-3cf1-4380-aa76-df70187d3ddc' and name 'vitis_hls'
Sun Aug 10 14:52:24 2025: KERNEL_SVC: creating session with uuid: '2ec5b215-3cf1-4380-aa76-df70187d3ddc' and name 'vitis_hls'
Sun Aug 10 14:52:24 2025: GUIDANCE_SMGR: creating guidance session with uuid: '2ec5b215-3cf1-4380-aa76-df70187d3ddc' and name 'vitis_hls'
Sun Aug 10 14:52:42 2025: STOP_SERVER received, server token: db03adac-e425-4260-b306-cc9da346c617, passed token: db03adac-e425-4260-b306-cc9da346c617
Sun Aug 10 14:52:42 2025: Socket received request to stop server.
Sun Aug 10 14:52:42 2025: Dispatch Server: do_await_stop
Sun Aug 10 14:52:42 2025: Dispatch Server: stopping mainFifo_
Sun Aug 10 14:52:42 2025: XCD main fifo: Stopping
Sun Aug 10 14:52:42 2025: XCD main fifo: do_read error code: Operation canceled
Sun Aug 10 14:52:42 2025: XCD main fifo: bytes_transferred: 0
Sun Aug 10 14:52:42 2025: SERVER: destructor for server bound to port 34765
Sun Aug 10 14:52:42 2025: XCD main fifo: Good unlink of /tmp/xcdmaindb03adac-e425-4260-b306-cc9da346c617
Sun Aug 10 14:52:42 2025: Server exiting with status 0.
Sun Aug 10 14:52:42 2025: Closing log file.
Sun Aug 10 14:53:47 2025: Running xcd server. This server was built by gradle.
Sun Aug 10 14:53:47 2025: Server was asked to start on port: '46053'
Sun Aug 10 14:53:47 2025: Server is using token UUID: 'a6774699-a1e1-4396-bba5-c8a62f6f2fb1'
Sun Aug 10 14:53:47 2025: SESSION_MGR: creating session with session uuid: '6d04a3e9-ade5-4ab9-8d63-1f78fcd2ec76' and name 'default'
Sun Aug 10 14:53:47 2025: Attempting to start server on port '46053'
Sun Aug 10 14:53:47 2025: XCD main fifo: created main fifo '/tmp/xcdmaina6774699-a1e1-4396-bba5-c8a62f6f2fb1', fd read = 13
Sun Aug 10 14:53:47 2025: Running Dispatch Server
Sun Aug 10 14:53:47 2025: Version 2.2.0
Sun Aug 10 14:53:53 2025: Dispatch Server: Accepted socket connection from client
Sun Aug 10 14:53:53 2025: Starting Socket connection
Sun Aug 10 14:53:53 2025: EXCHANGE_TOKEN received, server token: a6774699-a1e1-4396-bba5-c8a62f6f2fb1, passed token: a6774699-a1e1-4396-bba5-c8a62f6f2fb1
Sun Aug 10 14:53:53 2025: SESSION_MGR: creating session with session uuid: 'f64c53bb-d85c-4ccd-bb6c-ae3385706ab9' and name 'vitis_hls'
Sun Aug 10 14:53:53 2025: KERNEL_SVC: creating session with uuid: 'f64c53bb-d85c-4ccd-bb6c-ae3385706ab9' and name 'vitis_hls'
Sun Aug 10 14:53:53 2025: GUIDANCE_SMGR: creating guidance session with uuid: 'f64c53bb-d85c-4ccd-bb6c-ae3385706ab9' and name 'vitis_hls'
Sun Aug 10 14:54:20 2025: STOP_SERVER received, server token: a6774699-a1e1-4396-bba5-c8a62f6f2fb1, passed token: a6774699-a1e1-4396-bba5-c8a62f6f2fb1
Sun Aug 10 14:54:20 2025: Socket received request to stop server.
Sun Aug 10 14:54:20 2025: Dispatch Server: do_await_stop
Sun Aug 10 14:54:20 2025: Dispatch Server: stopping mainFifo_
Sun Aug 10 14:54:20 2025: XCD main fifo: Stopping
Sun Aug 10 14:54:20 2025: XCD main fifo: do_read error code: Operation canceled
Sun Aug 10 14:54:20 2025: XCD main fifo: bytes_transferred: 0
Sun Aug 10 14:54:20 2025: SERVER: destructor for server bound to port 46053
Sun Aug 10 14:54:20 2025: XCD main fifo: Good unlink of /tmp/xcdmaina6774699-a1e1-4396-bba5-c8a62f6f2fb1
Sun Aug 10 14:54:20 2025: Server exiting with status 0.
Sun Aug 10 14:54:20 2025: Closing log file.
