Copyright 1986-2022 Xilinx, Inc. All Rights Reserved.
----------------------------------------------------------------------------------------
| Tool Version : Vivado v.2022.2 (lin64) Build 3671981 Fri Oct 14 04:59:54 MDT 2022
| Date         : Sun Aug 10 02:22:54 2025
| Host         : soulbird-Yoga-C940 running 64-bit Ubuntu 20.04.6 LTS
| Command      : report_control_sets -verbose -file top_wrapper_control_sets_placed.rpt
| Design       : top_wrapper
| Device       : xc7z020
----------------------------------------------------------------------------------------

Control Set Information

Table of Contents
-----------------
1. Summary
2. Histogram
3. Flip-Flop Distribution
4. Detailed Control Set Information

1. Summary
----------

+----------------------------------------------------------+-------+
|                          Status                          | Count |
+----------------------------------------------------------+-------+
| Total control sets                                       |    38 |
|    Minimum number of control sets                        |    38 |
|    Addition due to synthesis replication                 |     0 |
|    Addition due to physical synthesis replication        |     0 |
| Unused register locations in slices containing registers |    82 |
+----------------------------------------------------------+-------+
* Control sets can be merged at opt_design using control_set_merge or merge_equivalent_drivers
** Run report_qor_suggestions for automated merging and remapping suggestions


2. Histogram
------------

+--------------------+-------+
|       Fanout       | Count |
+--------------------+-------+
| Total control sets |    38 |
| >= 0 to < 4        |     2 |
| >= 4 to < 6        |     6 |
| >= 6 to < 8        |     2 |
| >= 8 to < 10       |     5 |
| >= 10 to < 12      |     1 |
| >= 12 to < 14      |     1 |
| >= 14 to < 16      |     2 |
| >= 16              |    19 |
+--------------------+-------+
* Control sets can be remapped at either synth_design or opt_design


3. Flip-Flop Distribution
-------------------------

+--------------+-----------------------+------------------------+-----------------+--------------+
| Clock Enable | Synchronous Set/Reset | Asynchronous Set/Reset | Total Registers | Total Slices |
+--------------+-----------------------+------------------------+-----------------+--------------+
| No           | No                    | No                     |             244 |           61 |
| No           | No                    | Yes                    |               0 |            0 |
| No           | Yes                   | No                     |              51 |           23 |
| Yes          | No                    | No                     |             338 |           97 |
| Yes          | No                    | Yes                    |               0 |            0 |
| Yes          | Yes                   | No                     |             173 |           61 |
+--------------+-----------------------+------------------------+-----------------+--------------+


4. Detailed Control Set Information
-----------------------------------

+--------------------------------------------+-----------------------------------------------------------------------------------------------------------------------------------------------------------+--------------------------------------------------------------------------------------------------------------------------------------------------+------------------+----------------+--------------+
|                Clock Signal                |                                                                       Enable Signal                                                                       |                                                                 Set/Reset Signal                                                                 | Slice Load Count | Bel Load Count | Bels / Slice |
+--------------------------------------------+-----------------------------------------------------------------------------------------------------------------------------------------------------------+--------------------------------------------------------------------------------------------------------------------------------------------------+------------------+----------------+--------------+
|  top_i/processing_system7_0/inst/FCLK_CLK0 | top_i/ps7_0_axi_periph/s00_couplers/auto_pc/inst/gen_axilite.gen_b2s_conv.axilite_b2s/WR.aw_channel_0/aw_cmd_fsm_0/FSM_sequential_state_reg[0]_1          | top_i/ps7_0_axi_periph/s00_couplers/auto_pc/inst/gen_axilite.gen_b2s_conv.axilite_b2s/WR.aw_channel_0/aw_cmd_fsm_0/FSM_sequential_state_reg[0]_0 |                1 |              1 |         1.00 |
|  top_i/processing_system7_0/inst/FCLK_CLK0 | top_i/ps7_0_axi_periph/s00_couplers/auto_pc/inst/gen_axilite.gen_b2s_conv.axilite_b2s/WR.b_channel_0/bid_fifo_0/sel                                       |                                                                                                                                                  |                1 |              2 |         2.00 |
|  top_i/processing_system7_0/inst/FCLK_CLK0 | top_i/ps7_0_axi_periph/s00_couplers/auto_pc/inst/gen_axilite.gen_b2s_conv.axilite_b2s/RD.ar_channel_0/ar_cmd_fsm_0/m_axi_arready_2                        | top_i/ps7_0_axi_periph/s00_couplers/auto_pc/inst/gen_axilite.gen_b2s_conv.axilite_b2s/RD.ar_channel_0/ar_cmd_fsm_0/FSM_sequential_state_reg[1]_0 |                3 |              4 |         1.33 |
|  top_i/processing_system7_0/inst/FCLK_CLK0 |                                                                                                                                                           | top_i/ps7_0_axi_periph/s00_couplers/auto_pc/inst/gen_axilite.gen_b2s_conv.axilite_b2s/SI_REG/aw.aw_pipe/aresetn_d_reg[0]_0                       |                2 |              4 |         2.00 |
|  top_i/processing_system7_0/inst/FCLK_CLK0 |                                                                                                                                                           | top_i/ps7_0_axi_periph/s00_couplers/auto_pc/inst/gen_axilite.gen_b2s_conv.axilite_b2s/SI_REG/ar.ar_pipe/aresetn_d_reg[1]_inv_0                   |                3 |              4 |         1.33 |
|  top_i/processing_system7_0/inst/FCLK_CLK0 |                                                                                                                                                           | top_i/rst_ps7_0_100M/U0/EXT_LPF/lpf_int                                                                                                          |                3 |              4 |         1.33 |
|  top_i/processing_system7_0/inst/FCLK_CLK0 | top_i/ps7_0_axi_periph/s00_couplers/auto_pc/inst/gen_axilite.gen_b2s_conv.axilite_b2s/RD.r_channel_0/rd_data_fifo_0/cnt_read[4]_i_1__0_n_0                | top_i/ps7_0_axi_periph/s00_couplers/auto_pc/inst/gen_axilite.gen_b2s_conv.axilite_b2s/areset_d1                                                  |                2 |              5 |         2.50 |
|  top_i/processing_system7_0/inst/FCLK_CLK0 | top_i/ps7_0_axi_periph/s00_couplers/auto_pc/inst/gen_axilite.gen_b2s_conv.axilite_b2s/RD.r_channel_0/transaction_fifo_0/cnt_read[4]_i_1_n_0               | top_i/ps7_0_axi_periph/s00_couplers/auto_pc/inst/gen_axilite.gen_b2s_conv.axilite_b2s/areset_d1                                                  |                2 |              5 |         2.50 |
|  top_i/processing_system7_0/inst/FCLK_CLK0 | top_i/rst_ps7_0_100M/U0/SEQ/seq_cnt_en                                                                                                                    | top_i/rst_ps7_0_100M/U0/SEQ/SEQ_COUNTER/clear                                                                                                    |                1 |              6 |         6.00 |
|  top_i/processing_system7_0/inst/FCLK_CLK0 | top_i/qubit_processor_fixed_0/inst/control_s_axi_U/waddr                                                                                                  |                                                                                                                                                  |                2 |              7 |         3.50 |
|  top_i/processing_system7_0/inst/FCLK_CLK0 | top_i/ps7_0_axi_periph/s00_couplers/auto_pc/inst/gen_axilite.gen_b2s_conv.axilite_b2s/WR.aw_channel_0/cmd_translator_0/incr_cmd_0/axaddr_incr[11]_i_1_n_0 |                                                                                                                                                  |                2 |              8 |         4.00 |
|  top_i/processing_system7_0/inst/FCLK_CLK0 | top_i/ps7_0_axi_periph/s00_couplers/auto_pc/inst/gen_axilite.gen_b2s_conv.axilite_b2s/WR.b_channel_0/mhandshake_r                                         | top_i/ps7_0_axi_periph/s00_couplers/auto_pc/inst/gen_axilite.gen_b2s_conv.axilite_b2s/WR.b_channel_0/bid_fifo_0/SR[0]                            |                4 |              8 |         2.00 |
|  top_i/processing_system7_0/inst/FCLK_CLK0 | top_i/ps7_0_axi_periph/s00_couplers/auto_pc/inst/gen_axilite.gen_b2s_conv.axilite_b2s/RD.ar_channel_0/ar_cmd_fsm_0/E[0]                                   |                                                                                                                                                  |                3 |              8 |         2.67 |
|  top_i/processing_system7_0/inst/FCLK_CLK0 | top_i/ps7_0_axi_periph/s00_couplers/auto_pc/inst/gen_axilite.gen_b2s_conv.axilite_b2s/RD.ar_channel_0/ar_cmd_fsm_0/sel_first_reg[0]                       |                                                                                                                                                  |                2 |              8 |         4.00 |
|  top_i/processing_system7_0/inst/FCLK_CLK0 | top_i/ps7_0_axi_periph/s00_couplers/auto_pc/inst/gen_axilite.gen_b2s_conv.axilite_b2s/WR.aw_channel_0/aw_cmd_fsm_0/m_valid_i_reg[0]                       |                                                                                                                                                  |                4 |              8 |         2.00 |
|  top_i/processing_system7_0/inst/FCLK_CLK0 |                                                                                                                                                           | top_i/ps7_0_axi_periph/s00_couplers/auto_pc/inst/gen_axilite.gen_b2s_conv.axilite_b2s/areset_d1                                                  |                3 |             10 |         3.33 |
|  top_i/processing_system7_0/inst/FCLK_CLK0 | top_i/ps7_0_axi_periph/s00_couplers/auto_pc/inst/gen_axilite.gen_b2s_conv.axilite_b2s/RD.r_channel_0/r_push_r                                             |                                                                                                                                                  |                4 |             13 |         3.25 |
|  top_i/processing_system7_0/inst/FCLK_CLK0 | top_i/ps7_0_axi_periph/s00_couplers/auto_pc/inst/gen_axilite.gen_b2s_conv.axilite_b2s/SI_REG/b.b_pipe/s_ready_i_reg_0                                     |                                                                                                                                                  |                6 |             14 |         2.33 |
|  top_i/processing_system7_0/inst/FCLK_CLK0 | top_i/ps7_0_axi_periph/s00_couplers/auto_pc/inst/gen_axilite.gen_b2s_conv.axilite_b2s/SI_REG/b.b_pipe/p_1_in                                              |                                                                                                                                                  |                4 |             14 |         3.50 |
|  top_i/processing_system7_0/inst/FCLK_CLK0 | top_i/qubit_processor_fixed_0/inst/control_s_axi_U/int_in_alpha_imag[15]_i_1_n_0                                                                          | top_i/qubit_processor_fixed_0/inst/control_s_axi_U/SR[0]                                                                                         |                3 |             16 |         5.33 |
|  top_i/processing_system7_0/inst/FCLK_CLK0 | top_i/qubit_processor_fixed_0/inst/control_s_axi_U/int_in_alpha_real[15]_i_1_n_0                                                                          | top_i/qubit_processor_fixed_0/inst/control_s_axi_U/SR[0]                                                                                         |                4 |             16 |         4.00 |
|  top_i/processing_system7_0/inst/FCLK_CLK0 | top_i/qubit_processor_fixed_0/inst/control_s_axi_U/int_in_beta_real[15]_i_1_n_0                                                                           | top_i/qubit_processor_fixed_0/inst/control_s_axi_U/SR[0]                                                                                         |                4 |             16 |         4.00 |
|  top_i/processing_system7_0/inst/FCLK_CLK0 | top_i/qubit_processor_fixed_0/inst/control_s_axi_U/ar_hs                                                                                                  | top_i/qubit_processor_fixed_0/inst/control_s_axi_U/rdata[15]_i_1_n_0                                                                             |                7 |             16 |         2.29 |
|  top_i/processing_system7_0/inst/FCLK_CLK0 | top_i/ps7_0_axi_periph/s00_couplers/auto_pc/inst/gen_axilite.gen_b2s_conv.axilite_b2s/WR.aw_channel_0/aw_cmd_fsm_0/m_axi_awready_0                        |                                                                                                                                                  |                3 |             16 |         5.33 |
|  top_i/processing_system7_0/inst/FCLK_CLK0 | top_i/qubit_processor_fixed_0/inst/control_s_axi_U/int_in_beta_imag[15]_i_1_n_0                                                                           | top_i/qubit_processor_fixed_0/inst/control_s_axi_U/SR[0]                                                                                         |                4 |             16 |         4.00 |
|  top_i/processing_system7_0/inst/FCLK_CLK0 | top_i/ps7_0_axi_periph/s00_couplers/auto_pc/inst/gen_axilite.gen_b2s_conv.axilite_b2s/RD.r_channel_0/rd_data_fifo_0/wr_en0                                |                                                                                                                                                  |                4 |             16 |         4.00 |
|  top_i/processing_system7_0/inst/FCLK_CLK0 | top_i/ps7_0_axi_periph/s00_couplers/auto_pc/inst/gen_axilite.gen_b2s_conv.axilite_b2s/RD.ar_channel_0/ar_cmd_fsm_0/m_axi_arready_2                        |                                                                                                                                                  |                6 |             17 |         2.83 |
|  top_i/processing_system7_0/inst/FCLK_CLK0 | top_i/ps7_0_axi_periph/s00_couplers/auto_pc/inst/gen_axilite.gen_b2s_conv.axilite_b2s/WR.aw_channel_0/aw_cmd_fsm_0/FSM_sequential_state_reg[0]_1          |                                                                                                                                                  |                6 |             20 |         3.33 |
|  top_i/processing_system7_0/inst/FCLK_CLK0 | top_i/ps7_0_axi_periph/s00_couplers/auto_pc/inst/gen_axilite.gen_b2s_conv.axilite_b2s/SI_REG/aw.aw_pipe/s_ready_i_reg_0                                   |                                                                                                                                                  |                8 |             28 |         3.50 |
|  top_i/processing_system7_0/inst/FCLK_CLK0 | top_i/ps7_0_axi_periph/s00_couplers/auto_pc/inst/gen_axilite.gen_b2s_conv.axilite_b2s/SI_REG/ar.ar_pipe/s_ready_i_reg_0                                   |                                                                                                                                                  |                6 |             28 |         4.67 |
|  top_i/processing_system7_0/inst/FCLK_CLK0 | top_i/ps7_0_axi_periph/s00_couplers/auto_pc/inst/gen_axilite.gen_b2s_conv.axilite_b2s/WR.aw_channel_0/aw_cmd_fsm_0/E[0]                                   |                                                                                                                                                  |                6 |             28 |         4.67 |
|  top_i/processing_system7_0/inst/FCLK_CLK0 | top_i/ps7_0_axi_periph/s00_couplers/auto_pc/inst/gen_axilite.gen_b2s_conv.axilite_b2s/RD.ar_channel_0/ar_cmd_fsm_0/m_valid_i_reg[0]                       |                                                                                                                                                  |                5 |             28 |         5.60 |
|  top_i/processing_system7_0/inst/FCLK_CLK0 | top_i/ps7_0_axi_periph/s00_couplers/auto_pc/inst/gen_axilite.gen_b2s_conv.axilite_b2s/SI_REG/r.r_pipe/p_1_in                                              |                                                                                                                                                  |                6 |             29 |         4.83 |
|  top_i/processing_system7_0/inst/FCLK_CLK0 |                                                                                                                                                           | top_i/qubit_processor_fixed_0/inst/control_s_axi_U/SR[0]                                                                                         |               12 |             29 |         2.42 |
|  top_i/processing_system7_0/inst/FCLK_CLK0 | top_i/ps7_0_axi_periph/s00_couplers/auto_pc/inst/gen_axilite.gen_b2s_conv.axilite_b2s/SI_REG/r.r_pipe/s_ready_i_reg_0                                     |                                                                                                                                                  |                8 |             29 |         3.62 |
|  top_i/processing_system7_0/inst/FCLK_CLK0 | top_i/qubit_processor_fixed_0/inst/mul_ln1270_1_reg_5220                                                                                                  |                                                                                                                                                  |               23 |             64 |         2.78 |
|  top_i/processing_system7_0/inst/FCLK_CLK0 | top_i/qubit_processor_fixed_0/inst/ap_enable_reg_pp0_iter6                                                                                                | top_i/qubit_processor_fixed_0/inst/control_s_axi_U/SR[0]                                                                                         |               26 |             64 |         2.46 |
|  top_i/processing_system7_0/inst/FCLK_CLK0 |                                                                                                                                                           |                                                                                                                                                  |               62 |            312 |         5.03 |
+--------------------------------------------+-----------------------------------------------------------------------------------------------------------------------------------------------------------+--------------------------------------------------------------------------------------------------------------------------------------------------+------------------+----------------+--------------+


