Sun Aug 10 02:13:13 2025: Running xcd server. This server was built by gradle.
Sun Aug 10 02:13:13 2025: Server was asked to start on port: '41941'
Sun Aug 10 02:13:13 2025: Server is using token UUID: '10daa781-f9a2-4aef-82ca-aaf8c60fcc6e'
Sun Aug 10 02:13:13 2025: SESSION_MGR: creating session with session uuid: '6d04a3e9-ade5-4ab9-8d63-1f78fcd2ec76' and name 'default'
Sun Aug 10 02:13:13 2025: Attempting to start server on port '41941'
Sun Aug 10 02:13:13 2025: XCD main fifo: created main fifo '/tmp/xcdmain10daa781-f9a2-4aef-82ca-aaf8c60fcc6e', fd read = 13
Sun Aug 10 02:13:13 2025: Running Dispatch Server
Sun Aug 10 02:13:13 2025: Version 2.2.0
Sun Aug 10 02:13:20 2025: Dispatch Server: Accepted socket connection from client
Sun Aug 10 02:13:20 2025: Starting Socket connection
Sun Aug 10 02:13:20 2025: EXCHANGE_TOKEN received, server token: 10daa781-f9a2-4aef-82ca-aaf8c60fcc6e, passed token: 10daa781-f9a2-4aef-82ca-aaf8c60fcc6e
Sun Aug 10 02:13:20 2025: SESSION_MGR: creating session with session uuid: '4abd094c-3590-4ae0-a63f-9e49828e94d0' and name 'vitis_hls'
Sun Aug 10 02:13:20 2025: KERNEL_SVC: creating session with uuid: '4abd094c-3590-4ae0-a63f-9e49828e94d0' and name 'vitis_hls'
Sun Aug 10 02:13:20 2025: GUIDANCE_SMGR: creating guidance session with uuid: '4abd094c-3590-4ae0-a63f-9e49828e94d0' and name 'vitis_hls'
Sun Aug 10 02:13:40 2025: STOP_SERVER received, server token: 10daa781-f9a2-4aef-82ca-aaf8c60fcc6e, passed token: 10daa781-f9a2-4aef-82ca-aaf8c60fcc6e
Sun Aug 10 02:13:40 2025: Socket received request to stop server.
Sun Aug 10 02:13:40 2025: Dispatch Server: do_await_stop
Sun Aug 10 02:13:40 2025: Dispatch Server: stopping mainFifo_
Sun Aug 10 02:13:40 2025: XCD main fifo: Stopping
Sun Aug 10 02:13:40 2025: XCD main fifo: do_read error code: Operation canceled
Sun Aug 10 02:13:40 2025: XCD main fifo: bytes_transferred: 0
Sun Aug 10 02:13:40 2025: SERVER: destructor for server bound to port 41941
Sun Aug 10 02:13:40 2025: XCD main fifo: Good unlink of /tmp/xcdmain10daa781-f9a2-4aef-82ca-aaf8c60fcc6e
Sun Aug 10 02:13:40 2025: Server exiting with status 0.
Sun Aug 10 02:13:40 2025: Closing log file.
Sun Aug 10 02:16:12 2025: Running xcd server. This server was built by gradle.
Sun Aug 10 02:16:12 2025: Server was asked to start on port: '35787'
Sun Aug 10 02:16:12 2025: Server is using token UUID: 'ca9903d8-6bb8-492f-9782-05f51fe5a7cd'
Sun Aug 10 02:16:12 2025: SESSION_MGR: creating session with session uuid: '6d04a3e9-ade5-4ab9-8d63-1f78fcd2ec76' and name 'default'
Sun Aug 10 02:16:12 2025: Attempting to start server on port '35787'
Sun Aug 10 02:16:12 2025: XCD main fifo: created main fifo '/tmp/xcdmainca9903d8-6bb8-492f-9782-05f51fe5a7cd', fd read = 13
Sun Aug 10 02:16:12 2025: Running Dispatch Server
Sun Aug 10 02:16:12 2025: Version 2.2.0
Sun Aug 10 02:16:19 2025: Dispatch Server: Accepted socket connection from client
Sun Aug 10 02:16:19 2025: Starting Socket connection
Sun Aug 10 02:16:19 2025: EXCHANGE_TOKEN received, server token: ca9903d8-6bb8-492f-9782-05f51fe5a7cd, passed token: ca9903d8-6bb8-492f-9782-05f51fe5a7cd
Sun Aug 10 02:16:19 2025: SESSION_MGR: creating session with session uuid: 'f951c802-150f-4678-be5c-8d9424019498' and name 'vitis_hls'
Sun Aug 10 02:16:19 2025: KERNEL_SVC: creating session with uuid: 'f951c802-150f-4678-be5c-8d9424019498' and name 'vitis_hls'
Sun Aug 10 02:16:19 2025: GUIDANCE_SMGR: creating guidance session with uuid: 'f951c802-150f-4678-be5c-8d9424019498' and name 'vitis_hls'
Sun Aug 10 02:16:48 2025: STOP_SERVER received, server token: ca9903d8-6bb8-492f-9782-05f51fe5a7cd, passed token: ca9903d8-6bb8-492f-9782-05f51fe5a7cd
Sun Aug 10 02:16:48 2025: Socket received request to stop server.
Sun Aug 10 02:16:48 2025: Dispatch Server: do_await_stop
Sun Aug 10 02:16:48 2025: Dispatch Server: stopping mainFifo_
Sun Aug 10 02:16:48 2025: XCD main fifo: Stopping
Sun Aug 10 02:16:48 2025: XCD main fifo: do_read error code: Operation canceled
Sun Aug 10 02:16:48 2025: XCD main fifo: bytes_transferred: 0
Sun Aug 10 02:16:48 2025: SERVER: destructor for server bound to port 35787
Sun Aug 10 02:16:48 2025: XCD main fifo: Good unlink of /tmp/xcdmainca9903d8-6bb8-492f-9782-05f51fe5a7cd
Sun Aug 10 02:16:48 2025: Server exiting with status 0.
Sun Aug 10 02:16:48 2025: Closing log file.
