
*** Running vivado
    with args -log top_rst_ps7_0_100M_0.vds -m64 -product Vivado -mode batch -messageDb vivado.pb -notrace -source top_rst_ps7_0_100M_0.tcl


****** Vivado v2022.2 (64-bit)
  **** SW Build 3671981 on Fri Oct 14 04:59:54 MDT 2022
  **** IP Build 3669848 on Fri Oct 14 08:30:02 MDT 2022
    ** Copyright 1986-2022 Xilinx, Inc. All Rights Reserved.

source top_rst_ps7_0_100M_0.tcl -notrace
create_project: Time (s): cpu = 00:00:19 ; elapsed = 00:00:19 . Memory (MB): peak = 1257.172 ; gain = 2.992 ; free physical = 1044 ; free virtual = 21446
INFO: [IP_Flow 19-234] Refreshing IP repositories
INFO: [IP_Flow 19-1700] Loaded user IP repository '/home/soulbird/hls_prac/qc/ips'.
INFO: [IP_Flow 19-2313] Loaded Vivado IP repository '/tools/Xilinx/Vivado/2022.2/data/ip'.
INFO: [IP_Flow 19-6924] IPCACHE: Running cache check for IP inst: top_rst_ps7_0_100M_0
Command: synth_design -top top_rst_ps7_0_100M_0 -part xc7z020clg400-1 -incremental_mode off -mode out_of_context
Starting synth_design
Attempting to get a license for feature 'Synthesis' and/or device 'xc7z020'
INFO: [Common 17-349] Got license for feature 'Synthesis' and/or device 'xc7z020'
INFO: [Device 21-403] Loading part xc7z020clg400-1
INFO: [Synth 8-7079] Multithreading enabled for synth_design using a maximum of 4 processes.
INFO: [Synth 8-7078] Launching helper process for spawning children vivado processes
INFO: [Synth 8-7075] Helper process launched with PID 457730
INFO: [Synth 8-11241] undeclared symbol 'REGCCE', assumed default net type 'wire' [/tools/Xilinx/Vivado/2022.2/data/verilog/src/unimacro/BRAM_SINGLE_MACRO.v:2170]
---------------------------------------------------------------------------------
Starting RTL Elaboration : Time (s): cpu = 00:00:14 ; elapsed = 00:00:25 . Memory (MB): peak = 1962.473 ; gain = 371.738 ; free physical = 288 ; free virtual = 15954
Synthesis current peak Physical Memory [PSS] (MB): peak = 1173.172; parent = 1039.387; children = 135.158
Synthesis current peak Virtual Memory [VSS] (MB): peak = 2928.539; parent = 1966.445; children = 962.094
---------------------------------------------------------------------------------
INFO: [Synth 8-638] synthesizing module 'top_rst_ps7_0_100M_0' [/home/soulbird/hls_prac/qc/vivado/qubit_dma/qubit_dma.gen/sources_1/bd/top/ip/top_rst_ps7_0_100M_0/synth/top_rst_ps7_0_100M_0.vhd:74]
	Parameter C_FAMILY bound to: zynq - type: string 
	Parameter C_EXT_RST_WIDTH bound to: 4 - type: integer 
	Parameter C_AUX_RST_WIDTH bound to: 4 - type: integer 
	Parameter C_EXT_RESET_HIGH bound to: 1'b0 
	Parameter C_AUX_RESET_HIGH bound to: 1'b0 
	Parameter C_NUM_BUS_RST bound to: 1 - type: integer 
	Parameter C_NUM_PERP_RST bound to: 1 - type: integer 
	Parameter C_NUM_INTERCONNECT_ARESETN bound to: 1 - type: integer 
	Parameter C_NUM_PERP_ARESETN bound to: 1 - type: integer 
INFO: [Synth 8-3491] module 'proc_sys_reset' declared at '/home/soulbird/hls_prac/qc/vivado/qubit_dma/qubit_dma.gen/sources_1/bd/top/ipshared/8842/hdl/proc_sys_reset_v5_0_vh_rfs.vhd:1264' bound to instance 'U0' of component 'proc_sys_reset' [/home/soulbird/hls_prac/qc/vivado/qubit_dma/qubit_dma.gen/sources_1/bd/top/ip/top_rst_ps7_0_100M_0/synth/top_rst_ps7_0_100M_0.vhd:129]
INFO: [Synth 8-638] synthesizing module 'proc_sys_reset' [/home/soulbird/hls_prac/qc/vivado/qubit_dma/qubit_dma.gen/sources_1/bd/top/ipshared/8842/hdl/proc_sys_reset_v5_0_vh_rfs.vhd:1323]
	Parameter INIT bound to: 1'b1 
INFO: [Synth 8-113] binding component instance 'FDRE_inst' to cell 'FDRE' [/home/soulbird/hls_prac/qc/vivado/qubit_dma/qubit_dma.gen/sources_1/bd/top/ipshared/8842/hdl/proc_sys_reset_v5_0_vh_rfs.vhd:1392]
	Parameter INIT bound to: 1'b1 
INFO: [Synth 8-113] binding component instance 'FDRE_BSR' to cell 'FDRE' [/home/soulbird/hls_prac/qc/vivado/qubit_dma/qubit_dma.gen/sources_1/bd/top/ipshared/8842/hdl/proc_sys_reset_v5_0_vh_rfs.vhd:1408]
	Parameter INIT bound to: 1'b0 
INFO: [Synth 8-113] binding component instance 'FDRE_BSR_N' to cell 'FDRE' [/home/soulbird/hls_prac/qc/vivado/qubit_dma/qubit_dma.gen/sources_1/bd/top/ipshared/8842/hdl/proc_sys_reset_v5_0_vh_rfs.vhd:1434]
	Parameter INIT bound to: 1'b1 
INFO: [Synth 8-113] binding component instance 'FDRE_PER' to cell 'FDRE' [/home/soulbird/hls_prac/qc/vivado/qubit_dma/qubit_dma.gen/sources_1/bd/top/ipshared/8842/hdl/proc_sys_reset_v5_0_vh_rfs.vhd:1457]
	Parameter INIT bound to: 1'b0 
INFO: [Synth 8-113] binding component instance 'FDRE_PER_N' to cell 'FDRE' [/home/soulbird/hls_prac/qc/vivado/qubit_dma/qubit_dma.gen/sources_1/bd/top/ipshared/8842/hdl/proc_sys_reset_v5_0_vh_rfs.vhd:1481]
INFO: [Synth 8-638] synthesizing module 'lpf' [/home/soulbird/hls_prac/qc/vivado/qubit_dma/qubit_dma.gen/sources_1/bd/top/ipshared/8842/hdl/proc_sys_reset_v5_0_vh_rfs.vhd:816]
INFO: [Synth 8-3491] module 'SRL16' declared at '/tools/Xilinx/Vivado/2022.2/scripts/rt/data/unisim_comp.v:131628' bound to instance 'POR_SRL_I' of component 'SRL16' [/home/soulbird/hls_prac/qc/vivado/qubit_dma/qubit_dma.gen/sources_1/bd/top/ipshared/8842/hdl/proc_sys_reset_v5_0_vh_rfs.vhd:868]
INFO: [Synth 8-6157] synthesizing module 'SRL16' [/tools/Xilinx/Vivado/2022.2/scripts/rt/data/unisim_comp.v:131628]
INFO: [Synth 8-6155] done synthesizing module 'SRL16' (0#1) [/tools/Xilinx/Vivado/2022.2/scripts/rt/data/unisim_comp.v:131628]
INFO: [Synth 8-638] synthesizing module 'cdc_sync' [/home/soulbird/hls_prac/qc/vivado/qubit_dma/qubit_dma.gen/sources_1/bd/top/ipshared/ef1e/hdl/lib_cdc_v1_0_rfs.vhd:106]
	Parameter INIT bound to: 1'b0 
INFO: [Synth 8-113] binding component instance 'CROSS_PLEVEL_IN2SCNDRY_IN_cdc_to' to cell 'FDR' [/home/soulbird/hls_prac/qc/vivado/qubit_dma/qubit_dma.gen/sources_1/bd/top/ipshared/ef1e/hdl/lib_cdc_v1_0_rfs.vhd:514]
	Parameter INIT bound to: 1'b0 
INFO: [Synth 8-113] binding component instance 'CROSS_PLEVEL_IN2SCNDRY_s_level_out_d2' to cell 'FDR' [/home/soulbird/hls_prac/qc/vivado/qubit_dma/qubit_dma.gen/sources_1/bd/top/ipshared/ef1e/hdl/lib_cdc_v1_0_rfs.vhd:545]
	Parameter INIT bound to: 1'b0 
INFO: [Synth 8-113] binding component instance 'CROSS_PLEVEL_IN2SCNDRY_s_level_out_d3' to cell 'FDR' [/home/soulbird/hls_prac/qc/vivado/qubit_dma/qubit_dma.gen/sources_1/bd/top/ipshared/ef1e/hdl/lib_cdc_v1_0_rfs.vhd:554]
	Parameter INIT bound to: 1'b0 
INFO: [Synth 8-113] binding component instance 'CROSS_PLEVEL_IN2SCNDRY_s_level_out_d4' to cell 'FDR' [/home/soulbird/hls_prac/qc/vivado/qubit_dma/qubit_dma.gen/sources_1/bd/top/ipshared/ef1e/hdl/lib_cdc_v1_0_rfs.vhd:564]
	Parameter INIT bound to: 1'b0 
INFO: [Synth 8-113] binding component instance 'CROSS_PLEVEL_IN2SCNDRY_s_level_out_d5' to cell 'FDR' [/home/soulbird/hls_prac/qc/vivado/qubit_dma/qubit_dma.gen/sources_1/bd/top/ipshared/ef1e/hdl/lib_cdc_v1_0_rfs.vhd:574]
	Parameter INIT bound to: 1'b0 
INFO: [Synth 8-113] binding component instance 'CROSS_PLEVEL_IN2SCNDRY_s_level_out_d6' to cell 'FDR' [/home/soulbird/hls_prac/qc/vivado/qubit_dma/qubit_dma.gen/sources_1/bd/top/ipshared/ef1e/hdl/lib_cdc_v1_0_rfs.vhd:584]
INFO: [Synth 8-256] done synthesizing module 'cdc_sync' (0#1) [/home/soulbird/hls_prac/qc/vivado/qubit_dma/qubit_dma.gen/sources_1/bd/top/ipshared/ef1e/hdl/lib_cdc_v1_0_rfs.vhd:106]
INFO: [Synth 8-256] done synthesizing module 'lpf' (0#1) [/home/soulbird/hls_prac/qc/vivado/qubit_dma/qubit_dma.gen/sources_1/bd/top/ipshared/8842/hdl/proc_sys_reset_v5_0_vh_rfs.vhd:816]
INFO: [Synth 8-638] synthesizing module 'sequence_psr' [/home/soulbird/hls_prac/qc/vivado/qubit_dma/qubit_dma.gen/sources_1/bd/top/ipshared/8842/hdl/proc_sys_reset_v5_0_vh_rfs.vhd:301]
INFO: [Synth 8-638] synthesizing module 'upcnt_n' [/home/soulbird/hls_prac/qc/vivado/qubit_dma/qubit_dma.gen/sources_1/bd/top/ipshared/8842/hdl/proc_sys_reset_v5_0_vh_rfs.vhd:125]
INFO: [Synth 8-256] done synthesizing module 'upcnt_n' (0#1) [/home/soulbird/hls_prac/qc/vivado/qubit_dma/qubit_dma.gen/sources_1/bd/top/ipshared/8842/hdl/proc_sys_reset_v5_0_vh_rfs.vhd:125]
INFO: [Synth 8-256] done synthesizing module 'sequence_psr' (0#1) [/home/soulbird/hls_prac/qc/vivado/qubit_dma/qubit_dma.gen/sources_1/bd/top/ipshared/8842/hdl/proc_sys_reset_v5_0_vh_rfs.vhd:301]
INFO: [Synth 8-256] done synthesizing module 'proc_sys_reset' (0#1) [/home/soulbird/hls_prac/qc/vivado/qubit_dma/qubit_dma.gen/sources_1/bd/top/ipshared/8842/hdl/proc_sys_reset_v5_0_vh_rfs.vhd:1323]
INFO: [Synth 8-256] done synthesizing module 'top_rst_ps7_0_100M_0' (0#1) [/home/soulbird/hls_prac/qc/vivado/qubit_dma/qubit_dma.gen/sources_1/bd/top/ip/top_rst_ps7_0_100M_0/synth/top_rst_ps7_0_100M_0.vhd:74]
WARNING: [Synth 8-7129] Port prmry_aclk in module cdc_sync is either unconnected or has no load
WARNING: [Synth 8-7129] Port prmry_resetn in module cdc_sync is either unconnected or has no load
WARNING: [Synth 8-7129] Port prmry_vect_in[1] in module cdc_sync is either unconnected or has no load
WARNING: [Synth 8-7129] Port prmry_vect_in[0] in module cdc_sync is either unconnected or has no load
WARNING: [Synth 8-7129] Port scndry_resetn in module cdc_sync is either unconnected or has no load
---------------------------------------------------------------------------------
Finished RTL Elaboration : Time (s): cpu = 00:00:19 ; elapsed = 00:00:32 . Memory (MB): peak = 2035.410 ; gain = 444.676 ; free physical = 504 ; free virtual = 16255
Synthesis current peak Physical Memory [PSS] (MB): peak = 1255.401; parent = 1122.167; children = 135.158
Synthesis current peak Virtual Memory [VSS] (MB): peak = 2997.508; parent = 2035.414; children = 962.094
---------------------------------------------------------------------------------
---------------------------------------------------------------------------------
Start Handling Custom Attributes
---------------------------------------------------------------------------------
---------------------------------------------------------------------------------
Finished Handling Custom Attributes : Time (s): cpu = 00:00:19 ; elapsed = 00:00:33 . Memory (MB): peak = 2050.254 ; gain = 459.520 ; free physical = 476 ; free virtual = 16232
Synthesis current peak Physical Memory [PSS] (MB): peak = 1255.401; parent = 1122.167; children = 135.158
Synthesis current peak Virtual Memory [VSS] (MB): peak = 3012.352; parent = 2050.258; children = 962.094
---------------------------------------------------------------------------------
---------------------------------------------------------------------------------
Finished RTL Optimization Phase 1 : Time (s): cpu = 00:00:19 ; elapsed = 00:00:33 . Memory (MB): peak = 2050.254 ; gain = 459.520 ; free physical = 468 ; free virtual = 16225
Synthesis current peak Physical Memory [PSS] (MB): peak = 1255.401; parent = 1122.167; children = 135.158
Synthesis current peak Virtual Memory [VSS] (MB): peak = 3012.352; parent = 2050.258; children = 962.094
---------------------------------------------------------------------------------
Netlist sorting complete. Time (s): cpu = 00:00:00 ; elapsed = 00:00:00.01 . Memory (MB): peak = 2056.191 ; gain = 0.000 ; free physical = 437 ; free virtual = 16197
INFO: [Netlist 29-17] Analyzing 13 Unisim elements for replacement
INFO: [Netlist 29-28] Unisim Transformation completed in 0 CPU seconds
INFO: [Project 1-570] Preparing netlist for logic optimization

Processing XDC Constraints
Initializing timing engine
Parsing XDC File [/home/soulbird/hls_prac/qc/vivado/qubit_dma/qubit_dma.gen/sources_1/bd/top/ip/top_rst_ps7_0_100M_0/top_rst_ps7_0_100M_0_ooc.xdc] for cell 'U0'
Finished Parsing XDC File [/home/soulbird/hls_prac/qc/vivado/qubit_dma/qubit_dma.gen/sources_1/bd/top/ip/top_rst_ps7_0_100M_0/top_rst_ps7_0_100M_0_ooc.xdc] for cell 'U0'
Parsing XDC File [/home/soulbird/hls_prac/qc/vivado/qubit_dma/qubit_dma.gen/sources_1/bd/top/ip/top_rst_ps7_0_100M_0/top_rst_ps7_0_100M_0_board.xdc] for cell 'U0'
Finished Parsing XDC File [/home/soulbird/hls_prac/qc/vivado/qubit_dma/qubit_dma.gen/sources_1/bd/top/ip/top_rst_ps7_0_100M_0/top_rst_ps7_0_100M_0_board.xdc] for cell 'U0'
Parsing XDC File [/home/soulbird/hls_prac/qc/vivado/qubit_dma/qubit_dma.gen/sources_1/bd/top/ip/top_rst_ps7_0_100M_0/top_rst_ps7_0_100M_0.xdc] for cell 'U0'
Finished Parsing XDC File [/home/soulbird/hls_prac/qc/vivado/qubit_dma/qubit_dma.gen/sources_1/bd/top/ip/top_rst_ps7_0_100M_0/top_rst_ps7_0_100M_0.xdc] for cell 'U0'
Parsing XDC File [/home/soulbird/hls_prac/qc/vivado/qubit_dma/qubit_dma.runs/top_rst_ps7_0_100M_0_synth_1/dont_touch.xdc]
Finished Parsing XDC File [/home/soulbird/hls_prac/qc/vivado/qubit_dma/qubit_dma.runs/top_rst_ps7_0_100M_0_synth_1/dont_touch.xdc]
Completed Processing XDC Constraints

Netlist sorting complete. Time (s): cpu = 00:00:00 ; elapsed = 00:00:00 . Memory (MB): peak = 2209.004 ; gain = 0.000 ; free physical = 177 ; free virtual = 16050
INFO: [Project 1-111] Unisim Transformation Summary:
  A total of 13 instances were transformed.
  FDR => FDRE: 12 instances
  SRL16 => SRL16E: 1 instance 

Constraint Validation Runtime : Time (s): cpu = 00:00:00.04 ; elapsed = 00:00:00.05 . Memory (MB): peak = 2209.004 ; gain = 0.000 ; free physical = 173 ; free virtual = 16047
INFO: [Designutils 20-5008] Incremental synthesis strategy off
INFO: [Synth 8-11241] undeclared symbol 'REGCCE', assumed default net type 'wire' [/tools/Xilinx/Vivado/2022.2/data/verilog/src/unimacro/BRAM_SINGLE_MACRO.v:2170]
---------------------------------------------------------------------------------
Finished Constraint Validation : Time (s): cpu = 00:00:41 ; elapsed = 00:00:56 . Memory (MB): peak = 2209.004 ; gain = 618.270 ; free physical = 862 ; free virtual = 16174
Synthesis current peak Physical Memory [PSS] (MB): peak = 1255.401; parent = 1122.167; children = 135.158
Synthesis current peak Virtual Memory [VSS] (MB): peak = 3139.086; parent = 2176.992; children = 962.094
---------------------------------------------------------------------------------
---------------------------------------------------------------------------------
Start Loading Part and Timing Information
---------------------------------------------------------------------------------
Loading part: xc7z020clg400-1
---------------------------------------------------------------------------------
Finished Loading Part and Timing Information : Time (s): cpu = 00:00:41 ; elapsed = 00:00:56 . Memory (MB): peak = 2209.004 ; gain = 618.270 ; free physical = 880 ; free virtual = 16171
Synthesis current peak Physical Memory [PSS] (MB): peak = 1255.401; parent = 1122.167; children = 135.158
Synthesis current peak Virtual Memory [VSS] (MB): peak = 3139.086; parent = 2176.992; children = 962.094
---------------------------------------------------------------------------------
---------------------------------------------------------------------------------
Start Applying 'set_property' XDC Constraints
---------------------------------------------------------------------------------
Applied set_property KEEP_HIERARCHY = SOFT for U0. (constraint file  /home/soulbird/hls_prac/qc/vivado/qubit_dma/qubit_dma.runs/top_rst_ps7_0_100M_0_synth_1/dont_touch.xdc, line 9).
---------------------------------------------------------------------------------
Finished applying 'set_property' XDC Constraints : Time (s): cpu = 00:00:41 ; elapsed = 00:00:57 . Memory (MB): peak = 2209.004 ; gain = 618.270 ; free physical = 871 ; free virtual = 16164
Synthesis current peak Physical Memory [PSS] (MB): peak = 1255.401; parent = 1122.167; children = 135.158
Synthesis current peak Virtual Memory [VSS] (MB): peak = 3139.086; parent = 2176.992; children = 962.094
---------------------------------------------------------------------------------
---------------------------------------------------------------------------------
Finished RTL Optimization Phase 2 : Time (s): cpu = 00:00:42 ; elapsed = 00:00:58 . Memory (MB): peak = 2209.004 ; gain = 618.270 ; free physical = 806 ; free virtual = 16100
Synthesis current peak Physical Memory [PSS] (MB): peak = 1255.401; parent = 1122.167; children = 135.158
Synthesis current peak Virtual Memory [VSS] (MB): peak = 3139.086; parent = 2176.992; children = 962.094
---------------------------------------------------------------------------------
---------------------------------------------------------------------------------
Start RTL Component Statistics 
---------------------------------------------------------------------------------
Detailed RTL Component Info : 
+---Adders : 
	   2 Input    6 Bit       Adders := 1     
+---Registers : 
	                6 Bit    Registers := 1     
	                3 Bit    Registers := 3     
	                1 Bit    Registers := 8     
+---Muxes : 
	   2 Input    6 Bit        Muxes := 1     
	   2 Input    1 Bit        Muxes := 1     
---------------------------------------------------------------------------------
Finished RTL Component Statistics 
---------------------------------------------------------------------------------
---------------------------------------------------------------------------------
Start Part Resource Summary
---------------------------------------------------------------------------------
Part Resources:
DSPs: 220 (col length:60)
BRAMs: 280 (col length: RAMB18 60 RAMB36 30)
---------------------------------------------------------------------------------
Finished Part Resource Summary
---------------------------------------------------------------------------------
---------------------------------------------------------------------------------
Start Cross Boundary and Area Optimization
---------------------------------------------------------------------------------
WARNING: [Synth 8-7080] Parallel synthesis criteria is not met
WARNING: [Synth 8-3332] Sequential element (EXT_LPF/ACTIVE_LOW_EXT.ACT_LO_EXT/GENERATE_LEVEL_P_S_CDC.SINGLE_BIT.CROSS_PLEVEL_IN2SCNDRY_s_level_out_d5) is unused and will be removed from module proc_sys_reset.
WARNING: [Synth 8-3332] Sequential element (EXT_LPF/ACTIVE_LOW_EXT.ACT_LO_EXT/GENERATE_LEVEL_P_S_CDC.SINGLE_BIT.CROSS_PLEVEL_IN2SCNDRY_s_level_out_d6) is unused and will be removed from module proc_sys_reset.
WARNING: [Synth 8-3332] Sequential element (EXT_LPF/ACTIVE_LOW_AUX.ACT_LO_AUX/GENERATE_LEVEL_P_S_CDC.SINGLE_BIT.CROSS_PLEVEL_IN2SCNDRY_s_level_out_d5) is unused and will be removed from module proc_sys_reset.
WARNING: [Synth 8-3332] Sequential element (EXT_LPF/ACTIVE_LOW_AUX.ACT_LO_AUX/GENERATE_LEVEL_P_S_CDC.SINGLE_BIT.CROSS_PLEVEL_IN2SCNDRY_s_level_out_d6) is unused and will be removed from module proc_sys_reset.
---------------------------------------------------------------------------------
Finished Cross Boundary and Area Optimization : Time (s): cpu = 00:00:46 ; elapsed = 00:01:02 . Memory (MB): peak = 2209.004 ; gain = 618.270 ; free physical = 1107 ; free virtual = 16409
Synthesis current peak Physical Memory [PSS] (MB): peak = 1255.401; parent = 1122.167; children = 135.158
Synthesis current peak Virtual Memory [VSS] (MB): peak = 3139.086; parent = 2176.992; children = 962.094
---------------------------------------------------------------------------------
---------------------------------------------------------------------------------
Start Applying XDC Timing Constraints
---------------------------------------------------------------------------------
---------------------------------------------------------------------------------
Finished Applying XDC Timing Constraints : Time (s): cpu = 00:01:05 ; elapsed = 00:01:22 . Memory (MB): peak = 2209.004 ; gain = 618.270 ; free physical = 464 ; free virtual = 15910
Synthesis current peak Physical Memory [PSS] (MB): peak = 1255.401; parent = 1122.167; children = 135.158
Synthesis current peak Virtual Memory [VSS] (MB): peak = 3139.086; parent = 2176.992; children = 962.094
---------------------------------------------------------------------------------
---------------------------------------------------------------------------------
Start Timing Optimization
---------------------------------------------------------------------------------
---------------------------------------------------------------------------------
Finished Timing Optimization : Time (s): cpu = 00:01:05 ; elapsed = 00:01:22 . Memory (MB): peak = 2209.004 ; gain = 618.270 ; free physical = 460 ; free virtual = 15905
Synthesis current peak Physical Memory [PSS] (MB): peak = 1255.401; parent = 1122.167; children = 135.158
Synthesis current peak Virtual Memory [VSS] (MB): peak = 3139.086; parent = 2176.992; children = 962.094
---------------------------------------------------------------------------------
---------------------------------------------------------------------------------
Start Technology Mapping
---------------------------------------------------------------------------------
---------------------------------------------------------------------------------
Finished Technology Mapping : Time (s): cpu = 00:01:05 ; elapsed = 00:01:22 . Memory (MB): peak = 2209.004 ; gain = 618.270 ; free physical = 435 ; free virtual = 15880
Synthesis current peak Physical Memory [PSS] (MB): peak = 1255.401; parent = 1122.167; children = 135.158
Synthesis current peak Virtual Memory [VSS] (MB): peak = 3139.086; parent = 2176.992; children = 962.094
---------------------------------------------------------------------------------
---------------------------------------------------------------------------------
Start IO Insertion
---------------------------------------------------------------------------------
---------------------------------------------------------------------------------
Start Flattening Before IO Insertion
---------------------------------------------------------------------------------
---------------------------------------------------------------------------------
Finished Flattening Before IO Insertion
---------------------------------------------------------------------------------
---------------------------------------------------------------------------------
Start Final Netlist Cleanup
---------------------------------------------------------------------------------
---------------------------------------------------------------------------------
Finished Final Netlist Cleanup
---------------------------------------------------------------------------------
---------------------------------------------------------------------------------
Finished IO Insertion : Time (s): cpu = 00:01:17 ; elapsed = 00:01:35 . Memory (MB): peak = 2209.004 ; gain = 618.270 ; free physical = 188 ; free virtual = 15358
Synthesis current peak Physical Memory [PSS] (MB): peak = 1255.401; parent = 1122.167; children = 135.158
Synthesis current peak Virtual Memory [VSS] (MB): peak = 3139.086; parent = 2176.992; children = 962.094
---------------------------------------------------------------------------------
---------------------------------------------------------------------------------
Start Renaming Generated Instances
---------------------------------------------------------------------------------
---------------------------------------------------------------------------------
Finished Renaming Generated Instances : Time (s): cpu = 00:01:17 ; elapsed = 00:01:35 . Memory (MB): peak = 2209.004 ; gain = 618.270 ; free physical = 186 ; free virtual = 15356
Synthesis current peak Physical Memory [PSS] (MB): peak = 1255.401; parent = 1122.167; children = 135.158
Synthesis current peak Virtual Memory [VSS] (MB): peak = 3139.086; parent = 2176.992; children = 962.094
---------------------------------------------------------------------------------
---------------------------------------------------------------------------------
Start Rebuilding User Hierarchy
---------------------------------------------------------------------------------
---------------------------------------------------------------------------------
Finished Rebuilding User Hierarchy : Time (s): cpu = 00:01:17 ; elapsed = 00:01:36 . Memory (MB): peak = 2209.004 ; gain = 618.270 ; free physical = 187 ; free virtual = 15355
Synthesis current peak Physical Memory [PSS] (MB): peak = 1255.401; parent = 1122.167; children = 135.158
Synthesis current peak Virtual Memory [VSS] (MB): peak = 3139.086; parent = 2176.992; children = 962.094
---------------------------------------------------------------------------------
---------------------------------------------------------------------------------
Start Renaming Generated Ports
---------------------------------------------------------------------------------
---------------------------------------------------------------------------------
Finished Renaming Generated Ports : Time (s): cpu = 00:01:17 ; elapsed = 00:01:36 . Memory (MB): peak = 2209.004 ; gain = 618.270 ; free physical = 185 ; free virtual = 15351
Synthesis current peak Physical Memory [PSS] (MB): peak = 1255.401; parent = 1122.167; children = 135.158
Synthesis current peak Virtual Memory [VSS] (MB): peak = 3139.086; parent = 2176.992; children = 962.094
---------------------------------------------------------------------------------
---------------------------------------------------------------------------------
Start Handling Custom Attributes
---------------------------------------------------------------------------------
---------------------------------------------------------------------------------
Finished Handling Custom Attributes : Time (s): cpu = 00:01:17 ; elapsed = 00:01:36 . Memory (MB): peak = 2209.004 ; gain = 618.270 ; free physical = 183 ; free virtual = 15348
Synthesis current peak Physical Memory [PSS] (MB): peak = 1255.401; parent = 1122.167; children = 135.158
Synthesis current peak Virtual Memory [VSS] (MB): peak = 3139.086; parent = 2176.992; children = 962.094
---------------------------------------------------------------------------------
---------------------------------------------------------------------------------
Start Renaming Generated Nets
---------------------------------------------------------------------------------
---------------------------------------------------------------------------------
Finished Renaming Generated Nets : Time (s): cpu = 00:01:17 ; elapsed = 00:01:36 . Memory (MB): peak = 2209.004 ; gain = 618.270 ; free physical = 195 ; free virtual = 15356
Synthesis current peak Physical Memory [PSS] (MB): peak = 1255.401; parent = 1122.167; children = 135.158
Synthesis current peak Virtual Memory [VSS] (MB): peak = 3139.086; parent = 2176.992; children = 962.094
---------------------------------------------------------------------------------
---------------------------------------------------------------------------------
Start Writing Synthesis Report
---------------------------------------------------------------------------------

Report BlackBoxes: 
+-+--------------+----------+
| |BlackBox name |Instances |
+-+--------------+----------+
+-+--------------+----------+

Report Cell Usage: 
+------+------+------+
|      |Cell  |Count |
+------+------+------+
|1     |LUT1  |     5|
|2     |LUT2  |     9|
|3     |LUT3  |     1|
|4     |LUT4  |     6|
|5     |LUT5  |     3|
|6     |LUT6  |     1|
|7     |SRL16 |     1|
|8     |FDR   |     8|
|9     |FDRE  |    28|
|10    |FDSE  |     4|
+------+------+------+
---------------------------------------------------------------------------------
Finished Writing Synthesis Report : Time (s): cpu = 00:01:17 ; elapsed = 00:01:36 . Memory (MB): peak = 2209.004 ; gain = 618.270 ; free physical = 193 ; free virtual = 15354
Synthesis current peak Physical Memory [PSS] (MB): peak = 1255.401; parent = 1122.167; children = 135.158
Synthesis current peak Virtual Memory [VSS] (MB): peak = 3139.086; parent = 2176.992; children = 962.094
---------------------------------------------------------------------------------
Synthesis finished with 0 errors, 0 critical warnings and 5 warnings.
Synthesis Optimization Runtime : Time (s): cpu = 00:01:11 ; elapsed = 00:01:29 . Memory (MB): peak = 2209.004 ; gain = 459.520 ; free physical = 215 ; free virtual = 15376
Synthesis Optimization Complete : Time (s): cpu = 00:01:17 ; elapsed = 00:01:37 . Memory (MB): peak = 2209.004 ; gain = 618.270 ; free physical = 202 ; free virtual = 15364
INFO: [Project 1-571] Translating synthesized netlist
Netlist sorting complete. Time (s): cpu = 00:00:00 ; elapsed = 00:00:00 . Memory (MB): peak = 2209.004 ; gain = 0.000 ; free physical = 186 ; free virtual = 15352
INFO: [Netlist 29-17] Analyzing 9 Unisim elements for replacement
INFO: [Netlist 29-28] Unisim Transformation completed in 0 CPU seconds
INFO: [Project 1-570] Preparing netlist for logic optimization
INFO: [Opt 31-138] Pushed 0 inverter(s) to 0 load pin(s).
Netlist sorting complete. Time (s): cpu = 00:00:00 ; elapsed = 00:00:00 . Memory (MB): peak = 2209.004 ; gain = 0.000 ; free physical = 179 ; free virtual = 15356
INFO: [Project 1-111] Unisim Transformation Summary:
  A total of 9 instances were transformed.
  FDR => FDRE: 8 instances
  SRL16 => SRL16E: 1 instance 

Synth Design complete, checksum: 13f4d817
INFO: [Common 17-83] Releasing license: Synthesis
50 Infos, 10 Warnings, 0 Critical Warnings and 0 Errors encountered.
synth_design completed successfully
synth_design: Time (s): cpu = 00:01:42 ; elapsed = 00:01:52 . Memory (MB): peak = 2209.004 ; gain = 948.863 ; free physical = 375 ; free virtual = 15554
INFO: [Common 17-1381] The checkpoint '/home/soulbird/hls_prac/qc/vivado/qubit_dma/qubit_dma.runs/top_rst_ps7_0_100M_0_synth_1/top_rst_ps7_0_100M_0.dcp' has been generated.
INFO: [Coretcl 2-1648] Added synthesis output to IP cache for IP top_rst_ps7_0_100M_0, cache-ID = 07d592390a8db2d4
INFO: [Coretcl 2-1174] Renamed 6 cell refs.
INFO: [Common 17-1381] The checkpoint '/home/soulbird/hls_prac/qc/vivado/qubit_dma/qubit_dma.runs/top_rst_ps7_0_100M_0_synth_1/top_rst_ps7_0_100M_0.dcp' has been generated.
INFO: [runtcl-4] Executing : report_utilization -file top_rst_ps7_0_100M_0_utilization_synth.rpt -pb top_rst_ps7_0_100M_0_utilization_synth.pb
INFO: [Common 17-206] Exiting Vivado at Sun Aug 10 15:10:55 2025...
